Arguments: 
  C:\Program Files\nodejs\node.exe C:\Program Files (x86)\Yarn\bin\yarn.js add colorthief

PATH: 
  C:\Program Files\Git\mingw64\bin;C:\Program Files\Git\usr\bin;C:\Users\Administrator\bin;C:\Python27;C:\Python27\Scripts;C:\Program Files\ImageMagick-7.0.8-Q16;D:\Oracle\Administrator\product\11.2.0\dbhome_1\bin;C:\Program Files (x86)\Common Files\Oracle\Java\javapath;C:\ProgramData\Oracle\Java\javapath;C:\windows\system32;C:\windows;C:\windows\System32\Wbem;C:\windows\System32\WindowsPowerShell\v1.0;C:\Program Files (x86)\NVIDIA Corporation\PhysX\Common;C:\Program Files (x86)\QuickTime\QTSystem;C:\ProgramData\chocolatey\bin;C:\Program Files\Git\cmd;C:\Go\bin;C:\Program Files\Java\jdk-9.0.4\bin;D:\Program Files\TortoiseSVN\bin;D:\Program Files\apache-maven-3.6.0\bin;D:\Program Files\Microsoft Visual Studio\2017\Community\VC\Tools\MSVC\14.16.27023\bin\Hostx64\x64;D:\Program Files\Docker Toolbox;C:\Program Files (green)\gifsicle-1.89-win64;D:\Program Files\MongoDB\Server\4.0\bin;C:\Program Files\dotnet;C:\Program Files\Microsoft SQL Server\130\Tools\Binn;C:\Program Files\Redis;C:\Program Files (green)\annie;C:\Program Files (x86)\Wolfram Research\WolframScript;C:\Users\Administrator\AppData\Roaming\nvm;C:\Program Files\nodejs;C:\Program Files (x86)\Yarn\bin;C:\Users\Administrator\AppData\Local\Programs\Python\Python38\Scripts;C:\Users\Administrator\AppData\Local\Programs\Python\Python38;C:\Program Files\Bandizip;C:\adb;C:\Users\Administrator\AppData\Local\Pandoc;C:\Program Files (green)\Snipaste-1.16.2-x64;C:\Program Files (green)\TTPlayer\lame\lame3.99.5;C:\Users\Administrator\go\bin;C:\Program Files (x86)\MuldeR\LameXP;D:\Program Files\Microsoft VS Code\bin;C:\Go\bin;C:\Program Files\Java\jdk-9.0.4\bin;C:\Program Files (green)\BaiduPCS-Go-v3.5.6-windows-x64;C:\Program Files\Java\jdk-9.0.4\bin;C:\Python27;C:\Python27\Scripts;C:\Program Files\ImageMagick-7.0.8-Q16;D:\Oracle\Administrator\product\11.2.0\dbhome_1\bin;C:\Program Files (x86)\Common Files\Oracle\Java\javapath;C:\ProgramData\Oracle\Java\javapath;C:\windows\system32;C:\windows;C:\windows\System32\Wbem;C:\windows\System32\WindowsPowerShell\v1.0;C:\Program Files (x86)\NVIDIA Corporation\PhysX\Common;C:\Program Files (x86)\QuickTime\QTSystem;C:\ProgramData\chocolatey\bin;C:\Program Files\Git\cmd;C:\Go\bin;C:\Program Files\Java\jdk-9.0.4\bin;D:\Program Files\TortoiseSVN\bin;D:\Program Files\apache-maven-3.6.0\bin;D:\Program Files\Microsoft Visual Studio\2017\Community\VC\Tools\MSVC\14.16.27023\bin\Hostx64\x64;D:\Program Files\Docker Toolbox;C:\Program Files (green)\gifsicle-1.89-win64;D:\Program Files\MongoDB\Server\4.0\bin;C:\Program Files\dotnet;C:\Program Files\Microsoft SQL Server\130\Tools\Binn;C:\Program Files\Redis;C:\Program Files (green)\annie;C:\Program Files (x86)\Wolfram Research\WolframScript;C:\Users\Administrator\AppData\Roaming\nvm;C:\Program Files\nodejs;C:\Program Files (x86)\Yarn\bin;D:\Program Files\Microsoft Visual Studio\2017\Community\VC\Tools\MSVC\14.16.27023\bin\Hostx64\x64;C:\Program Files (green)\gifsicle-1.89-win64;D:\Program Files\Docker Toolbox;C:\Users\Administrator\AppData\Local\hyper\app-3.0.2\resources\bin;C:\Program Files (green)\annie;C:\Users\Administrator\AppData\Roaming\nvm;C:\Program Files\nodejs;C:\Users\Administrator\AppData\Local\Yarn\bin

Yarn version: 
  1.22.0

Node version: 
  12.16.0

Platform: 
  win32 x64

Trace: 
  Error: read ECONNRESET
      at TLSWrap.onStreamRead (internal/stream_base_commons.js:205:27)

npm manifest: 
  {
    "name": "RPlayer",
    "version": "1.0.0",
    "dependencies": {
  
    }
  }

yarn manifest: 
  No manifest

Lockfile: 
  # THIS IS AN AUTOGENERATED FILE. DO NOT EDIT THIS FILE DIRECTLY.
  # yarn lockfile v1
